This is e-pTeX, Version 3.14159265-p3.8.1-180226-2.6 (utf8.euc) (TeX Live 2018) (preloaded format=platex 2019.4.3)  4 JUN 2019 12:55
entering extended mode
 restricted \write18 enabled.
 %&-line parsing enabled.
**resources/func-member.tex
(./resources/func-member.tex
pLaTeX2e <2018-12-01> (based on LaTeX2e <2018-12-01>)
(/usr/local/texlive/2018/texmf-dist/tex/latex/subfiles/subfiles.cls
Document Class: subfiles 2018/07/31 Federico Garcia, Gernot Salzer
Preamble taken from file `../texfiles/root'

! LaTeX Error: File `../texfiles/root.tex' not found.

Type X to quit or <RETURN> to proceed,
or enter new name. (Default extension: tex)

Enter file name: 
! Emergency stop.
<read *> 
         
l.35 \input{\preamble@file}
                           ^^M
End of file on the terminal!

 
Here is how much of TeX's memory you used:
 17 strings out of 493226
 405 string characters out of 6144096
 62977 words of memory out of 5000000
 4093 multiletter control sequences out of 15000+600000
 7511 words of font info for 31 fonts, out of 8000000 for 9000
 929 hyphenation exceptions out of 8191
 17i,0n,18p,129b,8s stack positions out of 5000i,500n,10000p,200000b,80000s
No pages of output.
