This is e-pTeX, Version 3.14159265-p3.8.1-180226-2.6 (utf8.euc) (TeX Live 2018) (preloaded format=platex 2019.4.3)  10 JUN 2019 14:59
entering extended mode
 restricted \write18 enabled.
 file:line:error style messages enabled.
 %&-line parsing enabled.
**func-insert.tex
(./func-insert.tex
pLaTeX2e <2018-12-01> (based on LaTeX2e <2018-12-01>)
(/usr/local/texlive/2018/texmf-dist/tex/latex/subfiles/subfiles.cls
Document Class: subfiles 2018/07/31 Federico Garcia, Gernot Salzer
Preamble taken from file `main'

! LaTeX Error: File `main.tex' not found.

Type X to quit or <RETURN> to proceed,
or enter new name. (Default extension: tex)

Enter file name: 
/usr/local/texlive/2018/texmf-dist/tex/latex/subfiles/subfiles.cls:35: Emergency stop.
<read *> 
         
l.35 \input{\preamble@file}
                           ^^M 
Here is how much of TeX's memory you used:
 16 strings out of 493226
 355 string characters out of 6144096
 62747 words of memory out of 5000000
 4093 multiletter control sequences out of 15000+600000
 7511 words of font info for 31 fonts, out of 8000000 for 9000
 929 hyphenation exceptions out of 8191
 17i,0n,18p,103b,8s stack positions out of 5000i,500n,10000p,200000b,80000s

No pages of output.
